<?xml version="1.0" encoding="UTF-8"?>
<!-- Generated by org.testng.reporters.JUnitReportReporter -->
<testsuite hostname="Sureshs-MacBook-Air.local" failures="0" tests="1" name="com.suresh.restfulbooker.DeleteBookingTest" time="6.592" errors="0" timestamp="2023-11-11T14:22:57 IST" skipped="0">
  <testcase classname="com.suresh.restfulbooker.DeleteBookingTest" name="deleteBookingTest" time="6.592"/>
  <system-out/>
</testsuite> <!-- com.suresh.restfulbooker.DeleteBookingTest -->
