<?xml version="1.0" encoding="UTF-8"?>
<!-- Generated by org.testng.reporters.JUnitReportReporter -->
<testsuite hostname="Sureshs-MacBook-Air.local" failures="0" tests="1" name="com.cognizant.restfulbooker.GetBookingTest" time="2.164" errors="0" timestamp="2023-11-11T13:50:29 IST" skipped="0">
  <testcase classname="com.cognizant.restfulbooker.GetBookingTest" name="getBookingTest" time="2.164"/>
  <system-out/>
</testsuite> <!-- com.cognizant.restfulbooker.GetBookingTest -->
