<?xml version="1.0" encoding="UTF-8"?>
<!-- Generated by org.testng.reporters.JUnitReportReporter -->
<testsuite hostname="Sureshs-MacBook-Air.local" failures="0" tests="1" name="com.cognizant.restfulbooker.HealthCheckTest" time="2.039" errors="0" timestamp="2023-11-06T17:24:30 IST" skipped="0">
  <testcase classname="com.cognizant.restfulbooker.HealthCheckTest" name="healthCheckTest" time="2.039"/>
  <system-out/>
</testsuite> <!-- com.cognizant.restfulbooker.HealthCheckTest -->
