<?xml version="1.0" encoding="UTF-8"?>
<!-- Generated by org.testng.reporters.JUnitReportReporter -->
<testsuite hostname="Sureshs-MacBook-Air.local" failures="0" tests="1" name="com.suresh.restfulbooker.UpdateBookingTest" time="3.293" errors="0" timestamp="2023-11-18T12:17:40 IST" skipped="0">
  <testcase classname="com.suresh.restfulbooker.UpdateBookingTest" name="partialUpdateBookingTest" time="3.293"/>
  <system-out/>
</testsuite> <!-- com.suresh.restfulbooker.UpdateBookingTest -->
