<?xml version="1.0" encoding="UTF-8"?>
<!-- Generated by org.testng.reporters.JUnitReportReporter -->
<testsuite hostname="Sureshs-MacBook-Air.local" failures="0" tests="1" name="com.cognizant.restfulbooker.GetBookingIDsTest" time="3.262" errors="0" timestamp="2023-11-06T17:33:18 IST" skipped="0">
  <testcase classname="com.cognizant.restfulbooker.GetBookingIDsTest" name="getBookingIDsWithoutFilterTest" time="3.262"/>
  <system-out/>
</testsuite> <!-- com.cognizant.restfulbooker.GetBookingIDsTest -->
