<?xml version="1.0" encoding="UTF-8"?>
<!-- Generated by org.testng.reporters.JUnitReportReporter -->
<testsuite hostname="Sureshs-MacBook-Air.local" failures="0" tests="1" name="com.suresh.restfulbooker.DeleteBookingTest" time="4.819" errors="0" timestamp="2023-11-18T12:15:08 IST" skipped="0">
  <testcase classname="com.suresh.restfulbooker.DeleteBookingTest" name="deleteBookingTest" time="4.819"/>
  <system-out/>
</testsuite> <!-- com.suresh.restfulbooker.DeleteBookingTest -->
