<?xml version="1.0" encoding="UTF-8"?>
<!-- Generated by org.testng.reporters.JUnitReportReporter -->
<testsuite hostname="Sureshs-MacBook-Air.local" failures="0" tests="1" name="com.suresh.restfulbooker.UpdateBookingTest" time="4.144" errors="0" timestamp="2023-11-11T14:14:30 IST" skipped="0">
  <testcase classname="com.suresh.restfulbooker.UpdateBookingTest" name="partialUpdateBookingTest" time="4.144"/>
  <system-out/>
</testsuite> <!-- com.suresh.restfulbooker.UpdateBookingTest -->
