<?xml version="1.0" encoding="UTF-8"?>
<!-- Generated by org.testng.reporters.JUnitReportReporter -->
<testsuite hostname="Sureshs-MacBook-Air.local" failures="0" tests="1" name="com.cognizant.restfulbooker.CreateBookingTest" time="2.563" errors="0" timestamp="2023-11-11T13:55:54 IST" skipped="0">
  <testcase classname="com.cognizant.restfulbooker.CreateBookingTest" name="createBookingTest" time="2.563"/>
  <system-out/>
</testsuite> <!-- com.cognizant.restfulbooker.CreateBookingTest -->
